app/build/intermediates/manifest_merge_blame_file/debug/manifest-merger-blame-debug-report.txt
1<?xml version="1.0" encoding="utf-8"?>
2<manifest xmlns:android="http://schemas.android.com/apk/res/android"
3    package="com.mystrica"
4    android:versionCode="1"
5    android:versionName="1.0" >
6
7    <uses-sdk
8        android:minSdkVersion="16"
8-->src/main/AndroidManifest.xml
9        android:targetSdkVersion="29" />
9-->src/main/AndroidManifest.xml
10
11    <uses-permission android:name="android.permission.BLUETOOTH" />
11-->src/main/AndroidManifest.xml:48:5-68
11-->src/main/AndroidManifest.xml:48:22-65
12    <uses-permission android:name="android.permission.BLUETOOTH_ADMIN" />
12-->src/main/AndroidManifest.xml:49:5-74
12-->src/main/AndroidManifest.xml:49:22-71
13    <uses-permission android:name="android.permission.WRITE_EXTERNAL_STORAGE" />
13-->src/main/AndroidManifest.xml:50:5-81
13-->src/main/AndroidManifest.xml:50:22-78
14    <uses-permission android:name="android.permission.ACCESS_COARSE_LOCATION" />
14-->src/main/AndroidManifest.xml:51:5-81
14-->src/main/AndroidManifest.xml:51:22-78
15    <uses-permission android:name="android.permission.ACCESS_FINE_LOCATION" />
15-->src/main/AndroidManifest.xml:52:5-79
15-->src/main/AndroidManifest.xml:52:22-76
16
17    <uses-feature
17-->src/main/AndroidManifest.xml:55:5-57:35
18        android:name="android.hardware.bluetooth_le"
18-->src/main/AndroidManifest.xml:56:9-53
19        android:required="true" />
19-->src/main/AndroidManifest.xml:57:9-32
20
21    <uses-permission android:name="android.permission.INTERNET" />
21-->src/main/AndroidManifest.xml:59:5-67
21-->src/main/AndroidManifest.xml:59:22-64
22    <!-- permissions -->
23    <application
23-->src/main/AndroidManifest.xml:7:5-46:19
24        android:name="com.xdesign.android.mystrica.Mystrica"
24-->src/main/AndroidManifest.xml:8:9-33
25        android:allowBackup="false"
25-->src/main/AndroidManifest.xml:9:9-36
26        android:appComponentFactory="androidx.core.app.CoreComponentFactory"
26-->[androidx.core:core:1.5.0] AndroidManifest.xml:24:18-86
27        android:debuggable="true"
28        android:fullBackupContent="false"
28-->src/main/AndroidManifest.xml:10:9-42
29        android:icon="@mipmap/myst_ic_launcher"
29-->src/main/AndroidManifest.xml:11:9-48
30        android:label="@string/xd_app_name"
30-->src/main/AndroidManifest.xml:12:9-44
31        android:testOnly="true"
32        android:theme="@style/XD.Theme.App" >
32-->src/main/AndroidManifest.xml:13:9-44
33
34        <!-- activities -->
35
36        <activity
36-->src/main/AndroidManifest.xml:17:9-26:20
37            android:name="com.xdesign.android.mystrica.activities.MainActivity"
37-->src/main/AndroidManifest.xml:18:13-52
38            android:launchMode="singleInstance"
38-->src/main/AndroidManifest.xml:20:13-48
39            android:windowSoftInputMode="stateHidden" >
39-->src/main/AndroidManifest.xml:19:13-54
40            <intent-filter>
40-->src/main/AndroidManifest.xml:22:13-25:29
41                <action android:name="android.intent.action.MAIN" />
41-->src/main/AndroidManifest.xml:23:17-69
41-->src/main/AndroidManifest.xml:23:25-66
42
43                <category android:name="android.intent.category.LAUNCHER" />
43-->src/main/AndroidManifest.xml:24:17-77
43-->src/main/AndroidManifest.xml:24:27-74
44            </intent-filter>
45        </activity>
46
47        <!-- services -->
48
49        <service
49-->src/main/AndroidManifest.xml:30:9-32:39
50            android:name="com.xdesign.android.mystrica.services.BluetoothCommunicatorService"
50-->src/main/AndroidManifest.xml:31:13-66
51            android:exported="false" />
51-->src/main/AndroidManifest.xml:32:13-37
52        <service
52-->src/main/AndroidManifest.xml:34:9-36:39
53            android:name="com.xdesign.android.mystrica.services.TestCommunicatorService"
53-->src/main/AndroidManifest.xml:35:13-61
54            android:exported="false" />
54-->src/main/AndroidManifest.xml:36:13-37
55
56        <!-- receivers -->
57
58
59        <!-- providers -->
60
61
62        <!-- meta data -->
63        <meta-data
63-->src/main/AndroidManifest.xml:43:9-45:72
64            android:name="io.fabric.ApiKey"
64-->src/main/AndroidManifest.xml:44:13-44
65            android:value="4de598b50406dd8a639a4b1645ade078a12b8e7c" />
65-->src/main/AndroidManifest.xml:45:13-69
66    </application>
67
68</manifest>